[15:49:35] Starting NutriVision Selenium tests
[15:49:35] Starting test: ./signup.test.ts
[15:49:36] [./signup.test.ts] ERROR: /Users/luiscaceres/Desktop/Development/nutrivision/balance-bites/tests/selenium/node_modules/ts-node/src/index.ts:859
    return new TSError(diagnosticText, diagnosticCodes, diagnostics);
           ^
[15:49:36] [./signup.test.ts] ERROR: TSError: тип Unable to compile TypeScript:
setup.ts(24,13): error TS2339: Property 'headless' does not exist on type 'Options'.

    at createTSError (/Users/luiscaceres/Desktop/Development/nutrivision/balance-bites/tests/selenium/node_modules/ts-node/src/index.ts:859:12)
    at reportTSError (/Users/luiscaceres/Desktop/Development/nutrivision/balance-bites/tests/selenium/node_modules/ts-node/src/index.ts:863:19)
    at getOutput (/Users/luiscaceres/Desktop/Development/nutrivision/balance-bites/tests/selenium/node_modules/ts-node/src/index.ts:1077:36)
    at Object.compile (/Users/luiscaceres/Desktop/Development/nutrivision/balance-bites/tests/selenium/node_modules/ts-node/src/index.ts:1433:41)
    at Module.m._compile (/Users/luiscaceres/Desktop/Development/nutrivision/balance-bites/tests/selenium/node_modules/ts-node/src/index.ts:1617:30)
    at Module._extensions..js (node:internal/modules/cjs/loader:1287:10)
    at Object.require.extensions.<computed> [as .ts] (/Users/luiscaceres/Desktop/Development/nutrivision/balance-bites/tests/selenium/node_modules/ts-node/src/index.ts:1621:12)
    at Module.load (node:internal/modules/cjs/loader:1091:32)
    at Function.Module._load (node:internal/modules/cjs/loader:938:12)
    at Module.require (node:internal/modules/cjs/loader:1115:19) {
  diagnosticCodes: [ 2339 ]
}
[15:49:36] Test ./signup.test.ts FAILED with exit code 1
[15:49:36] Starting test: ./meal-upload.test.ts
[15:49:37] [./meal-upload.test.ts] ERROR: /Users/luiscaceres/Desktop/Development/nutrivision/balance-bites/tests/selenium/node_modules/ts-node/src/index.ts:859
    return new TSError(diagnosticText, diagnosticCodes, diagnostics);
           ^
[15:49:37] [./meal-upload.test.ts] ERROR: TSError: тип Unable to compile TypeScript:
setup.ts(24,13): error TS2339: Property 'headless' does not exist on type 'Options'.

    at createTSError (/Users/luiscaceres/Desktop/Development/nutrivision/balance-bites/tests/selenium/node_modules/ts-node/src/index.ts:859:12)
    at reportTSError (/Users/luiscaceres/Desktop/Development/nutrivision/balance-bites/tests/selenium/node_modules/ts-node/src/index.ts:863:19)
    at getOutput (/Users/luiscaceres/Desktop/Development/nutrivision/balance-bites/tests/selenium/node_modules/ts-node/src/index.ts:1077:36)
    at Object.compile (/Users/luiscaceres/Desktop/Development/nutrivision/balance-bites/tests/selenium/node_modules/ts-node/src/index.ts:1433:41)
    at Module.m._compile (/Users/luiscaceres/Desktop/Development/nutrivision/balance-bites/tests/selenium/node_modules/ts-node/src/index.ts:1617:30)
    at Module._extensions..js (node:internal/modules/cjs/loader:1287:10)
    at Object.require.extensions.<computed> [as .ts] (/Users/luiscaceres/Desktop/Development/nutrivision/balance-bites/tests/selenium/node_modules/ts-node/src/index.ts:1621:12)
    at Module.load (node:internal/modules/cjs/loader:1091:32)
    at Function.Module._load (node:internal/modules/cjs/loader:938:12)
    at Module.require (node:internal/modules/cjs/loader:1115:19) {
  diagnosticCodes: [ 2339 ]
}
[15:49:37] Test ./meal-upload.test.ts FAILED with exit code 1
